<?xml version="1.0" encoding="UTF-8"?>
<!-- Generated by org.testng.reporters.JUnitXMLReporter -->
<testsuite ignored="0" hostname="DESKTOP-3MMKTFA" failures="1" tests="1" name="ChromeTest" time="12.786" errors="0" timestamp="2024-12-19T00:16:14 IST">
  <testcase classname="com.supermarket.testScripts.ManageContactTest" name="verifyTheUserIsAbleToUpdateContact" time="4.347">
    <failure type="java.lang.NullPointerException" message="Cannot invoke &amp;quot;com.supermarket.pages.ManageContactPage.contactMoreInfo()&amp;quot; because &amp;quot;this.managecontactpage&amp;quot; is null">
      <![CDATA[java.lang.NullPointerException: Cannot invoke "com.supermarket.pages.ManageContactPage.contactMoreInfo()" because "this.managecontactpage" is null
at com.supermarket.testScripts.ManageContactTest.verifyTheUserIsAbleToUpdateContact(ManageContactTest.java:30)
at java.base/java.util.ArrayList.forEach(ArrayList.java:1511)
... Removed 27 stack frames]]>
    </failure>
  </testcase> <!-- verifyTheUserIsAbleToUpdateContact -->
</testsuite> <!-- ChromeTest -->
