<?xml version="1.0" encoding="UTF-8"?>
<!-- Generated by org.testng.reporters.JUnitXMLReporter -->
<testsuite ignored="3" hostname="DESKTOP-3MMKTFA" failures="0" tests="1" name="Test" time="11.53" errors="0" timestamp="2024-12-18T23:56:52 IST">
  <testcase classname="com.supermarket.testScripts.LoginTest" name="verifyTheUserCanLoginUsingValidCredentials" time="3.166"/>
  <testcase classname="com.supermarket.testScripts.LoginTest" name="verifyTheUserIsAbleToLoginUsingWrongPassword" time="0.0">
    <ignored/>
  </testcase> <!-- verifyTheUserIsAbleToLoginUsingWrongPassword -->
  <testcase classname="com.supermarket.testScripts.LoginTest" name="verifyTheUserIsAbleToLoginUsingWrongUsername" time="0.0">
    <ignored/>
  </testcase> <!-- verifyTheUserIsAbleToLoginUsingWrongUsername -->
  <testcase classname="com.supermarket.testScripts.LoginTest" name="verifyTheUserIsAbleToLoginUsingInvalidCredentials" time="0.0">
    <ignored/>
  </testcase> <!-- verifyTheUserIsAbleToLoginUsingInvalidCredentials -->
</testsuite> <!-- Test -->
