<?xml version="1.0" encoding="UTF-8"?>
<!-- Generated by org.testng.reporters.JUnitXMLReporter -->
<testsuite ignored="3" hostname="DESKTOP-3MMKTFA" failures="0" tests="1" name="Test" time="157.117" errors="0" timestamp="2024-12-19T09:13:05 IST">
  <testcase classname="com.supermarket.testScripts.LoginTest" name="verifyTheUserCanLoginUsingValidCredentials" time="4.713"/>
  <testcase classname="com.supermarket.testScripts.LoginTest" name="verifyTheUserIsAbleToLoginUsingInvalidCredentials" time="0.0">
    <ignored/>
  </testcase> <!-- verifyTheUserIsAbleToLoginUsingInvalidCredentials -->
  <testcase classname="com.supermarket.testScripts.LoginTest" name="verifyTheUserIsAbleToLoginUsingWrongUsername" time="0.0">
    <ignored/>
  </testcase> <!-- verifyTheUserIsAbleToLoginUsingWrongUsername -->
  <testcase classname="com.supermarket.testScripts.LoginTest" name="verifyTheUserIsAbleToLoginUsingWrongPassword" time="0.0">
    <ignored/>
  </testcase> <!-- verifyTheUserIsAbleToLoginUsingWrongPassword -->
</testsuite> <!-- Test -->
