<?xml version="1.0" encoding="UTF-8"?>
<testng-results ignored="0" total="1" passed="1" failed="0" skipped="0">
  <reporter-output>
  </reporter-output>
  <suite started-at="2024-12-31T16:24:17 IST" name="Suite" finished-at="2024-12-31T16:24:30 IST" duration-ms="12944">
    <groups>
    </groups>
    <test started-at="2024-12-31T16:24:17 IST" name="Test" finished-at="2024-12-31T16:24:30 IST" duration-ms="12944">
      <class name="com.supermarket.testScripts.ManagenewsTest">
        <test-method is-config="true" signature="initializeBrowser(java.lang.String)[pri:0, instance:com.supermarket.testScripts.ManagenewsTest@30f842ca]" started-at="2024-12-31T16:24:17 IST" name="initializeBrowser" finished-at="2024-12-31T16:24:24 IST" duration-ms="6851" status="PASS">
          <params>
            <param index="0">
              <value>
                <![CDATA[Chrome]]>
              </value>
            </param>
          </params>
          <reporter-output>
          </reporter-output>
        </test-method> <!-- initializeBrowser -->
        <test-method signature="verifyTheUserIsAbleToAddNews()[pri:0, instance:com.supermarket.testScripts.ManagenewsTest@30f842ca]" started-at="2024-12-31T16:24:24 IST" name="verifyTheUserIsAbleToAddNews" description="Verify the user is able to add the new news" finished-at="2024-12-31T16:24:29 IST" duration-ms="5179" status="PASS">
          <reporter-output>
          </reporter-output>
        </test-method> <!-- verifyTheUserIsAbleToAddNews -->
        <test-method is-config="true" signature="browserQuit(org.testng.ITestResult)[pri:0, instance:com.supermarket.testScripts.ManagenewsTest@30f842ca]" started-at="2024-12-31T16:24:29 IST" name="browserQuit" finished-at="2024-12-31T16:24:30 IST" duration-ms="793" status="PASS">
          <params>
            <param index="0">
              <value>
                <![CDATA[[TestResult name=verifyTheUserIsAbleToAddNews status=SUCCESS method=ManagenewsTest.verifyTheUserIsAbleToAddNews()[pri:0, instance:com.supermarket.testScripts.ManagenewsTest@30f842ca] output={null}]]]>
              </value>
            </param>
          </params>
          <reporter-output>
          </reporter-output>
        </test-method> <!-- browserQuit -->
      </class> <!-- com.supermarket.testScripts.ManagenewsTest -->
    </test> <!-- Test -->
  </suite> <!-- Suite -->
</testng-results>
