<?xml version="1.0" encoding="UTF-8"?>
<!-- Generated by org.testng.reporters.JUnitXMLReporter -->
<testsuite ignored="0" hostname="DESKTOP-3MMKTFA" failures="0" tests="2" name="Test" time="23.007" errors="0" timestamp="2024-12-19T20:35:36 IST">
  <testcase classname="com.supermarket.testScripts.ManageFooterTextTest" name="verifyTheUserIsAbleToUpdateFooterTextInformation" time="6.605"/>
  <testcase classname="com.supermarket.testScripts.ManageFooterTextTest" name="verifyWhetherTheUpdateButtonIsPresent" time="2.23"/>
</testsuite> <!-- Test -->
