<?xml version="1.0" encoding="UTF-8"?>
<!-- Generated by org.testng.reporters.JUnitXMLReporter -->
<testsuite ignored="0" hostname="DESKTOP-3MMKTFA" failures="2" tests="2" name="ChromeTest" time="31.013" errors="0" timestamp="2024-12-19T00:14:28 IST">
  <testcase classname="com.supermarket.testScripts.ManageFooterTextTest" name="verifyTheUserIsAbleToUpdateFooterTextInformation" time="1.872">
    <failure type="java.lang.IllegalStateException" message="Cannot get a STRING value from a NUMERIC cell">
      <![CDATA[java.lang.IllegalStateException: Cannot get a STRING value from a NUMERIC cell
at org.apache.poi.xssf.usermodel.XSSFCell.typeMismatch(XSSFCell.java:1077)
at org.apache.poi.xssf.usermodel.XSSFCell.getRichStringCellValue(XSSFCell.java:395)
at org.apache.poi.xssf.usermodel.XSSFCell.getStringCellValue(XSSFCell.java:347)
at com.supermarket.utilities.ExcelUtility.getStringData(ExcelUtility.java:25)
at com.supermarket.testScripts.ManageFooterTextTest.verifyTheUserIsAbleToUpdateFooterTextInformation(ManageFooterTextTest.java:24)
at java.base/java.util.ArrayList.forEach(ArrayList.java:1511)
at java.base/java.util.concurrent.FutureTask.run(FutureTask.java:264)
at java.base/java.util.concurrent.ThreadPoolExecutor.runWorker(ThreadPoolExecutor.java:1136)
at java.base/java.util.concurrent.ThreadPoolExecutor$Worker.run(ThreadPoolExecutor.java:635)
at java.base/java.lang.Thread.run(Thread.java:842)
... Removed 17 stack frames]]>
    </failure>
  </testcase> <!-- verifyTheUserIsAbleToUpdateFooterTextInformation -->
  <testcase classname="com.supermarket.testScripts.ManageFooterTextTest" name="verifyWhetherTheUpdateButtonIsPresent" time="1.199">
    <failure type="java.lang.NullPointerException" message="Cannot invoke &amp;quot;com.supermarket.pages.ManageFooterTextPage.footerTextMoreInfo()&amp;quot; because &amp;quot;this.managefootertextpage&amp;quot; is null">
      <![CDATA[java.lang.NullPointerException: Cannot invoke "com.supermarket.pages.ManageFooterTextPage.footerTextMoreInfo()" because "this.managefootertextpage" is null
at com.supermarket.testScripts.ManageFooterTextTest.verifyWhetherTheUpdateButtonIsPresent(ManageFooterTextTest.java:41)
at java.base/java.util.ArrayList.forEach(ArrayList.java:1511)
at java.base/java.util.concurrent.FutureTask.run(FutureTask.java:264)
at java.base/java.util.concurrent.ThreadPoolExecutor.runWorker(ThreadPoolExecutor.java:1136)
at java.base/java.util.concurrent.ThreadPoolExecutor$Worker.run(ThreadPoolExecutor.java:635)
at java.base/java.lang.Thread.run(Thread.java:842)
... Removed 17 stack frames]]>
    </failure>
  </testcase> <!-- verifyWhetherTheUpdateButtonIsPresent -->
</testsuite> <!-- ChromeTest -->
