<?xml version="1.0" encoding="UTF-8"?>
<!-- Generated by org.testng.reporters.JUnitXMLReporter -->
<testsuite ignored="0" hostname="DESKTOP-3MMKTFA" failures="1" tests="1" name="EdgeTest" time="18.584" errors="0" timestamp="2024-12-19T00:09:04 IST">
  <testcase classname="com.supermarket.testScripts.ManagenewsTest" name="verifyTheUserIsAbleToAddNews" time="4.47">
    <failure type="java.lang.NullPointerException" message="Cannot invoke &amp;quot;com.supermarket.pages.ManagenewsPage.newsMoreInfo()&amp;quot; because &amp;quot;this.managenewspage&amp;quot; is null">
      <![CDATA[java.lang.NullPointerException: Cannot invoke "com.supermarket.pages.ManagenewsPage.newsMoreInfo()" because "this.managenewspage" is null
at com.supermarket.testScripts.ManagenewsTest.verifyTheUserIsAbleToAddNews(ManagenewsTest.java:26)
at java.base/java.util.ArrayList.forEach(ArrayList.java:1511)
at java.base/java.util.concurrent.FutureTask.run(FutureTask.java:264)
at java.base/java.util.concurrent.ThreadPoolExecutor.runWorker(ThreadPoolExecutor.java:1136)
at java.base/java.util.concurrent.ThreadPoolExecutor$Worker.run(ThreadPoolExecutor.java:635)
at java.base/java.lang.Thread.run(Thread.java:842)
... Removed 17 stack frames]]>
    </failure>
  </testcase> <!-- verifyTheUserIsAbleToAddNews -->
</testsuite> <!-- EdgeTest -->
