<?xml version="1.0" encoding="UTF-8"?>
<testng-results ignored="0" total="1" passed="1" failed="0" skipped="0">
  <reporter-output>
  </reporter-output>
  <suite started-at="2024-12-19T00:35:15 IST" name="Suite" finished-at="2024-12-19T00:36:11 IST" duration-ms="55754">
    <groups>
      <group name="Regression">
        <method signature="LoginTest.verifyTheUserCanLoginUsingValidCredentials()[pri:0, instance:com.supermarket.testScripts.LoginTest@642a7222]" name="verifyTheUserCanLoginUsingValidCredentials" class="com.supermarket.testScripts.LoginTest"/>
      </group> <!-- Regression -->
    </groups>
    <test started-at="2024-12-19T00:35:15 IST" name="Test" finished-at="2024-12-19T00:36:11 IST" duration-ms="55754">
      <class name="com.supermarket.testScripts.LoginTest">
        <test-method is-config="true" signature="initializeBrowser(java.lang.String)[pri:0, instance:com.supermarket.testScripts.LoginTest@642a7222]" started-at="2024-12-19T00:35:15 IST" name="initializeBrowser" finished-at="2024-12-19T00:36:06 IST" duration-ms="50906" status="PASS">
          <params>
            <param index="0">
              <value>
                <![CDATA[Chrome]]>
              </value>
            </param>
          </params>
          <reporter-output>
          </reporter-output>
        </test-method> <!-- initializeBrowser -->
        <test-method signature="verifyTheUserCanLoginUsingValidCredentials()[pri:0, instance:com.supermarket.testScripts.LoginTest@642a7222]" started-at="2024-12-19T00:36:06 IST" name="verifyTheUserCanLoginUsingValidCredentials" description="Verify the user is able to login with valid username and password" finished-at="2024-12-19T00:36:10 IST" duration-ms="4085" status="PASS">
          <reporter-output>
          </reporter-output>
        </test-method> <!-- verifyTheUserCanLoginUsingValidCredentials -->
        <test-method is-config="true" signature="browserQuit(org.testng.ITestResult)[pri:0, instance:com.supermarket.testScripts.LoginTest@642a7222]" started-at="2024-12-19T00:36:10 IST" name="browserQuit" finished-at="2024-12-19T00:36:11 IST" duration-ms="660" status="PASS">
          <params>
            <param index="0">
              <value>
                <![CDATA[[TestResult name=verifyTheUserCanLoginUsingValidCredentials status=SUCCESS method=LoginTest.verifyTheUserCanLoginUsingValidCredentials()[pri:0, instance:com.supermarket.testScripts.LoginTest@642a7222] output={null}]]]>
              </value>
            </param>
          </params>
          <reporter-output>
          </reporter-output>
        </test-method> <!-- browserQuit -->
      </class> <!-- com.supermarket.testScripts.LoginTest -->
    </test> <!-- Test -->
  </suite> <!-- Suite -->
</testng-results>
