<?xml version="1.0" encoding="UTF-8"?>
<testng-results ignored="0" total="1" passed="1" failed="0" skipped="0">
  <reporter-output>
  </reporter-output>
  <suite started-at="2024-12-24T11:06:05 IST" name="Suite" finished-at="2024-12-24T11:06:19 IST" duration-ms="13957">
    <groups>
    </groups>
    <test started-at="2024-12-24T11:06:05 IST" name="Test" finished-at="2024-12-24T11:06:19 IST" duration-ms="13957">
      <class name="com.supermarket.testScripts.ManageContactTest">
        <test-method is-config="true" signature="initializeBrowser(java.lang.String)[pri:0, instance:com.supermarket.testScripts.ManageContactTest@700fb871]" started-at="2024-12-24T11:06:05 IST" name="initializeBrowser" finished-at="2024-12-24T11:06:11 IST" duration-ms="6372" status="PASS">
          <params>
            <param index="0">
              <value>
                <![CDATA[Chrome]]>
              </value>
            </param>
          </params>
          <reporter-output>
          </reporter-output>
        </test-method> <!-- initializeBrowser -->
        <test-method signature="verifyTheUserIsAbleToUpdateContact()[pri:0, instance:com.supermarket.testScripts.ManageContactTest@700fb871]" started-at="2024-12-24T11:06:11 IST" name="verifyTheUserIsAbleToUpdateContact" description="Verify the user is able to update the contact details by filling the mandatory fields" finished-at="2024-12-24T11:06:18 IST" duration-ms="6672" status="PASS">
          <reporter-output>
          </reporter-output>
        </test-method> <!-- verifyTheUserIsAbleToUpdateContact -->
        <test-method is-config="true" signature="browserQuit(org.testng.ITestResult)[pri:0, instance:com.supermarket.testScripts.ManageContactTest@700fb871]" started-at="2024-12-24T11:06:18 IST" name="browserQuit" finished-at="2024-12-24T11:06:19 IST" duration-ms="810" status="PASS">
          <params>
            <param index="0">
              <value>
                <![CDATA[[TestResult name=verifyTheUserIsAbleToUpdateContact status=SUCCESS method=ManageContactTest.verifyTheUserIsAbleToUpdateContact()[pri:0, instance:com.supermarket.testScripts.ManageContactTest@700fb871] output={null}]]]>
              </value>
            </param>
          </params>
          <reporter-output>
          </reporter-output>
        </test-method> <!-- browserQuit -->
      </class> <!-- com.supermarket.testScripts.ManageContactTest -->
    </test> <!-- Test -->
  </suite> <!-- Suite -->
</testng-results>
